2023-12-01 10:00:21,539 INFO    StreamThr :31297 [internal.py:wandb_internal():86] W&B internal server running at pid: 31297, started at: 2023-12-01 10:00:21.537016
2023-12-01 10:00:21,543 DEBUG   HandlerThread:31297 [handler.py:handle_request():144] handle_request: status
2023-12-01 10:00:21,574 INFO    WriterThread:31297 [datastore.py:open_for_write():85] open: /Users/clementgillet/PycharmProjects/E-BART/e_bart/wandb/run-20231201_100021-7n91gwcy/run-7n91gwcy.wandb
2023-12-01 10:00:21,575 DEBUG   SenderThread:31297 [sender.py:send():369] send: header
2023-12-01 10:00:21,609 DEBUG   SenderThread:31297 [sender.py:send():369] send: run
2023-12-01 10:00:22,217 INFO    SenderThread:31297 [dir_watcher.py:__init__():211] watching files in: /Users/clementgillet/PycharmProjects/E-BART/e_bart/wandb/run-20231201_100021-7n91gwcy/files
2023-12-01 10:00:22,217 INFO    SenderThread:31297 [sender.py:_start_run_threads():1100] run started: 7n91gwcy with start time 1701421221.541711
2023-12-01 10:00:22,244 DEBUG   SenderThread:31297 [sender.py:send_request():396] send_request: summary_record
2023-12-01 10:00:22,244 INFO    SenderThread:31297 [sender.py:_save_file():1354] saving file wandb-summary.json with policy end
2023-12-01 10:00:22,253 DEBUG   HandlerThread:31297 [handler.py:handle_request():144] handle_request: check_version
2023-12-01 10:00:22,254 DEBUG   SenderThread:31297 [sender.py:send_request():396] send_request: check_version
2023-12-01 10:00:22,374 DEBUG   HandlerThread:31297 [handler.py:handle_request():144] handle_request: run_start
2023-12-01 10:00:22,382 DEBUG   HandlerThread:31297 [system_info.py:__init__():31] System info init
2023-12-01 10:00:22,383 DEBUG   HandlerThread:31297 [system_info.py:__init__():46] System info init done
2023-12-01 10:00:22,383 INFO    HandlerThread:31297 [system_monitor.py:start():181] Starting system monitor
2023-12-01 10:00:22,384 INFO    SystemMonitor:31297 [system_monitor.py:_start():145] Starting system asset monitoring threads
2023-12-01 10:00:22,386 INFO    HandlerThread:31297 [system_monitor.py:probe():201] Collecting system info
2023-12-01 10:00:22,386 DEBUG   HandlerThread:31297 [system_info.py:probe():195] Probing system
2023-12-01 10:00:22,386 INFO    SystemMonitor:31297 [interfaces.py:start():190] Started cpu monitoring
2023-12-01 10:00:22,387 INFO    SystemMonitor:31297 [interfaces.py:start():190] Started disk monitoring
2023-12-01 10:00:22,388 INFO    SystemMonitor:31297 [interfaces.py:start():190] Started memory monitoring
2023-12-01 10:00:22,390 INFO    SystemMonitor:31297 [interfaces.py:start():190] Started network monitoring
2023-12-01 10:00:22,398 DEBUG   HandlerThread:31297 [system_info.py:_probe_git():180] Probing git
2023-12-01 10:00:22,441 DEBUG   HandlerThread:31297 [system_info.py:_probe_git():188] Probing git done
2023-12-01 10:00:22,442 DEBUG   HandlerThread:31297 [system_info.py:probe():240] Probing system done
2023-12-01 10:00:22,442 DEBUG   HandlerThread:31297 [system_monitor.py:probe():210] {'os': 'macOS-11.6.7-x86_64-i386-64bit', 'python': '3.9.11', 'heartbeatAt': '2023-12-01T09:00:22.386617', 'startedAt': '2023-12-01T09:00:21.503141', 'docker': None, 'cuda': None, 'args': ('--train_file', '/Users/clementgillet/Desktop/Master_Hub/datasets/NarraSum/train.json', '--val_file', '/Users/clementgillet/Desktop/Master_Hub/datasets/NarraSum/validation.json', '--test_file', '/Users/clementgillet/Desktop/Master_Hub/datasets/NarraSum/test.json', '--output_dir', '/Users/clementgillet/PycharmProjects/E-BART/e_bart/output', '--train_guidance', '/Users/clementgillet/Desktop/4SUBMISSION/Guidance_Signal/GS1_guid/train.json', '--val_guidance', '/Users/clementgillet/Desktop/4SUBMISSION/Guidance_Signal/GS1_guid/validation.json', '--test_guidance', '/Users/clementgillet/Desktop/4SUBMISSION/Guidance_Signal/GS1_guid/test.json', '--per_device_train_batch_size', '4', '--per_device_eval_batch_size', '4', '--max_predict_samples', '2', '--max_train_samples', '2', '--max_eval_samples', '2', '--max_target_length', '250', '--load_best_model_at_end', 'True', '--learning_rate', '0.00003', '--evaluation_strategy', 'steps', '--predict_with_generate', '--num_train_epochs', '5'), 'state': 'running', 'program': '/Users/clementgillet/PycharmProjects/E-BART/e_bart/train.py', 'codePath': 'e_bart/train.py', 'git': {'remote': 'git@github.com:Clemthefou445/E-BART.git', 'commit': 'c9faf984b6120c003e6f61be6b12f133f3c5a594'}, 'email': 'clement.gillet@campus.tu-berlin.de', 'root': '/Users/clementgillet/PycharmProjects/E-BART', 'host': 'eduroam-141-23-191-149.wlan.tu-berlin.de', 'username': 'clementgillet', 'executable': '/Users/clementgillet/PycharmProjects/THESIS/venv/bin/python', 'cpu_count': 4, 'cpu_count_logical': 8, 'cpu_freq': {'current': 2300, 'min': 2300, 'max': 2300}, 'cpu_freq_per_core': [{'current': 2300, 'min': 2300, 'max': 2300}], 'disk': {'total': 371.5986099243164, 'used': 20.722858428955078}, 'memory': {'total': 8.0}}
2023-12-01 10:00:22,442 INFO    HandlerThread:31297 [system_monitor.py:probe():211] Finished collecting system info
2023-12-01 10:00:22,442 INFO    HandlerThread:31297 [system_monitor.py:probe():214] Publishing system info
2023-12-01 10:00:22,443 DEBUG   HandlerThread:31297 [system_info.py:_save_pip():51] Saving list of pip packages installed into the current environment
2023-12-01 10:00:22,444 DEBUG   HandlerThread:31297 [system_info.py:_save_pip():67] Saving pip packages done
2023-12-01 10:00:22,446 INFO    HandlerThread:31297 [system_monitor.py:probe():216] Finished publishing system info
2023-12-01 10:00:22,457 DEBUG   SenderThread:31297 [sender.py:send():369] send: files
2023-12-01 10:00:22,458 INFO    SenderThread:31297 [sender.py:_save_file():1354] saving file wandb-metadata.json with policy now
2023-12-01 10:00:22,469 DEBUG   HandlerThread:31297 [handler.py:handle_request():144] handle_request: stop_status
2023-12-01 10:00:22,472 DEBUG   SenderThread:31297 [sender.py:send_request():396] send_request: stop_status
2023-12-01 10:00:22,707 DEBUG   SenderThread:31297 [sender.py:send():369] send: telemetry
2023-12-01 10:00:22,924 INFO    wandb-upload_0:31297 [upload_job.py:push():133] Uploaded file /var/folders/k3/7lg5gqsd1_72l0df3dd6jwqw0000gn/T/tmp3pwf7jswwandb/3och3hog-wandb-metadata.json
2023-12-01 10:00:23,226 INFO    Thread-16 :31297 [dir_watcher.py:_on_file_created():272] file/dir created: /Users/clementgillet/PycharmProjects/E-BART/e_bart/wandb/run-20231201_100021-7n91gwcy/files/requirements.txt
2023-12-01 10:00:23,226 INFO    Thread-16 :31297 [dir_watcher.py:_on_file_created():272] file/dir created: /Users/clementgillet/PycharmProjects/E-BART/e_bart/wandb/run-20231201_100021-7n91gwcy/files/wandb-summary.json
2023-12-01 10:00:23,226 INFO    Thread-16 :31297 [dir_watcher.py:_on_file_created():272] file/dir created: /Users/clementgillet/PycharmProjects/E-BART/e_bart/wandb/run-20231201_100021-7n91gwcy/files/wandb-metadata.json
2023-12-01 10:00:23,227 INFO    Thread-16 :31297 [dir_watcher.py:_on_file_created():272] file/dir created: /Users/clementgillet/PycharmProjects/E-BART/e_bart/wandb/run-20231201_100021-7n91gwcy/files/output.log
2023-12-01 10:00:25,225 INFO    Thread-16 :31297 [dir_watcher.py:_on_file_modified():289] file/dir modified: /Users/clementgillet/PycharmProjects/E-BART/e_bart/wandb/run-20231201_100021-7n91gwcy/files/output.log
2023-12-01 10:00:26,604 DEBUG   HandlerThread:31297 [handler.py:handle_request():144] handle_request: status_report
2023-12-01 10:00:29,231 INFO    Thread-16 :31297 [dir_watcher.py:_on_file_modified():289] file/dir modified: /Users/clementgillet/PycharmProjects/E-BART/e_bart/wandb/run-20231201_100021-7n91gwcy/files/output.log
2023-12-01 10:00:32,167 DEBUG   HandlerThread:31297 [handler.py:handle_request():144] handle_request: status_report
2023-12-01 10:00:37,173 DEBUG   HandlerThread:31297 [handler.py:handle_request():144] handle_request: status_report
2023-12-01 10:00:37,469 DEBUG   HandlerThread:31297 [handler.py:handle_request():144] handle_request: stop_status
2023-12-01 10:00:37,470 DEBUG   SenderThread:31297 [sender.py:send_request():396] send_request: stop_status
2023-12-01 10:00:39,287 INFO    Thread-16 :31297 [dir_watcher.py:_on_file_modified():289] file/dir modified: /Users/clementgillet/PycharmProjects/E-BART/e_bart/wandb/run-20231201_100021-7n91gwcy/files/output.log
2023-12-01 10:00:39,414 DEBUG   SenderThread:31297 [sender.py:send():369] send: config
2023-12-01 10:00:39,417 DEBUG   SenderThread:31297 [sender.py:send():369] send: metric
2023-12-01 10:00:39,417 DEBUG   SenderThread:31297 [sender.py:send():369] send: telemetry
2023-12-01 10:00:39,418 DEBUG   SenderThread:31297 [sender.py:send():369] send: metric
2023-12-01 10:00:39,418 WARNING SenderThread:31297 [sender.py:send_metric():1305] Seen metric with glob (shouldn't happen)
2023-12-01 10:00:41,304 INFO    Thread-16 :31297 [dir_watcher.py:_on_file_modified():289] file/dir modified: /Users/clementgillet/PycharmProjects/E-BART/e_bart/wandb/run-20231201_100021-7n91gwcy/files/output.log
2023-12-01 10:00:42,442 DEBUG   HandlerThread:31297 [handler.py:handle_request():144] handle_request: status_report
2023-12-01 10:00:47,456 DEBUG   HandlerThread:31297 [handler.py:handle_request():144] handle_request: status_report
2023-12-01 10:00:52,559 DEBUG   HandlerThread:31297 [handler.py:handle_request():144] handle_request: status_report
2023-12-01 10:00:52,599 DEBUG   HandlerThread:31297 [handler.py:handle_request():144] handle_request: stop_status
2023-12-01 10:00:53,119 DEBUG   SenderThread:31297 [sender.py:send_request():396] send_request: stop_status
2023-12-01 10:00:53,328 INFO    Thread-16 :31297 [dir_watcher.py:_on_file_modified():289] file/dir modified: /Users/clementgillet/PycharmProjects/E-BART/e_bart/wandb/run-20231201_100021-7n91gwcy/files/config.yaml
2023-12-01 10:00:58,342 DEBUG   HandlerThread:31297 [handler.py:handle_request():144] handle_request: status_report
2023-12-01 10:01:03,350 DEBUG   HandlerThread:31297 [handler.py:handle_request():144] handle_request: status_report
2023-12-01 10:01:07,530 DEBUG   HandlerThread:31297 [handler.py:handle_request():144] handle_request: stop_status
2023-12-01 10:01:07,533 DEBUG   SenderThread:31297 [sender.py:send_request():396] send_request: stop_status
2023-12-01 10:01:08,788 DEBUG   HandlerThread:31297 [handler.py:handle_request():144] handle_request: status_report
2023-12-01 10:01:13,798 DEBUG   HandlerThread:31297 [handler.py:handle_request():144] handle_request: status_report
2023-12-01 10:01:18,808 DEBUG   HandlerThread:31297 [handler.py:handle_request():144] handle_request: status_report
2023-12-01 10:01:22,405 DEBUG   SystemMonitor:31297 [system_monitor.py:_start():159] Starting system metrics aggregation loop
2023-12-01 10:01:22,435 DEBUG   SenderThread:31297 [sender.py:send():369] send: stats
2023-12-01 10:01:22,545 DEBUG   HandlerThread:31297 [handler.py:handle_request():144] handle_request: stop_status
2023-12-01 10:01:22,547 DEBUG   SenderThread:31297 [sender.py:send_request():396] send_request: stop_status
2023-12-01 10:01:24,794 DEBUG   HandlerThread:31297 [handler.py:handle_request():144] handle_request: status_report
2023-12-01 10:01:29,808 DEBUG   HandlerThread:31297 [handler.py:handle_request():144] handle_request: status_report
2023-12-01 10:01:34,814 DEBUG   HandlerThread:31297 [handler.py:handle_request():144] handle_request: status_report
2023-12-01 10:01:37,543 DEBUG   HandlerThread:31297 [handler.py:handle_request():144] handle_request: stop_status
2023-12-01 10:01:37,545 DEBUG   SenderThread:31297 [sender.py:send_request():396] send_request: stop_status
2023-12-01 10:01:40,793 DEBUG   HandlerThread:31297 [handler.py:handle_request():144] handle_request: status_report
2023-12-01 10:01:45,811 DEBUG   HandlerThread:31297 [handler.py:handle_request():144] handle_request: status_report
2023-12-01 10:01:50,814 DEBUG   HandlerThread:31297 [handler.py:handle_request():144] handle_request: status_report
2023-12-01 10:01:52,436 DEBUG   SenderThread:31297 [sender.py:send():369] send: stats
2023-12-01 10:01:52,543 DEBUG   HandlerThread:31297 [handler.py:handle_request():144] handle_request: stop_status
2023-12-01 10:01:52,543 DEBUG   SenderThread:31297 [sender.py:send_request():396] send_request: stop_status
2023-12-01 10:01:56,754 DEBUG   HandlerThread:31297 [handler.py:handle_request():144] handle_request: status_report
2023-12-01 10:02:01,760 DEBUG   HandlerThread:31297 [handler.py:handle_request():144] handle_request: status_report
2023-12-01 10:02:06,767 DEBUG   HandlerThread:31297 [handler.py:handle_request():144] handle_request: status_report
2023-12-01 10:02:07,553 DEBUG   HandlerThread:31297 [handler.py:handle_request():144] handle_request: stop_status
2023-12-01 10:02:07,554 DEBUG   SenderThread:31297 [sender.py:send_request():396] send_request: stop_status
2023-12-01 10:02:11,957 DEBUG   HandlerThread:31297 [handler.py:handle_request():144] handle_request: status_report
2023-12-01 10:02:16,966 DEBUG   HandlerThread:31297 [handler.py:handle_request():144] handle_request: status_report
2023-12-01 10:02:21,982 DEBUG   HandlerThread:31297 [handler.py:handle_request():144] handle_request: status_report
2023-12-01 10:02:22,442 DEBUG   SenderThread:31297 [sender.py:send():369] send: stats
2023-12-01 10:02:22,557 DEBUG   HandlerThread:31297 [handler.py:handle_request():144] handle_request: stop_status
2023-12-01 10:02:22,558 DEBUG   SenderThread:31297 [sender.py:send_request():396] send_request: stop_status
2023-12-01 10:02:27,851 DEBUG   HandlerThread:31297 [handler.py:handle_request():144] handle_request: status_report
2023-12-01 10:02:32,858 DEBUG   HandlerThread:31297 [handler.py:handle_request():144] handle_request: status_report
2023-12-01 10:02:37,556 DEBUG   HandlerThread:31297 [handler.py:handle_request():144] handle_request: stop_status
2023-12-01 10:02:37,556 DEBUG   SenderThread:31297 [sender.py:send_request():396] send_request: stop_status
2023-12-01 10:02:37,897 DEBUG   HandlerThread:31297 [handler.py:handle_request():144] handle_request: status_report
2023-12-01 10:02:42,913 DEBUG   HandlerThread:31297 [handler.py:handle_request():144] handle_request: status_report
2023-12-01 10:02:47,929 DEBUG   HandlerThread:31297 [handler.py:handle_request():144] handle_request: status_report
2023-12-01 10:02:52,444 DEBUG   SenderThread:31297 [sender.py:send():369] send: stats
2023-12-01 10:02:52,557 DEBUG   HandlerThread:31297 [handler.py:handle_request():144] handle_request: stop_status
2023-12-01 10:02:52,558 DEBUG   SenderThread:31297 [sender.py:send_request():396] send_request: stop_status
2023-12-01 10:02:53,749 DEBUG   HandlerThread:31297 [handler.py:handle_request():144] handle_request: status_report
2023-12-01 10:02:58,769 DEBUG   HandlerThread:31297 [handler.py:handle_request():144] handle_request: status_report
2023-12-01 10:03:03,783 DEBUG   HandlerThread:31297 [handler.py:handle_request():144] handle_request: status_report
2023-12-01 10:03:07,558 DEBUG   HandlerThread:31297 [handler.py:handle_request():144] handle_request: stop_status
2023-12-01 10:03:07,560 DEBUG   SenderThread:31297 [sender.py:send_request():396] send_request: stop_status
2023-12-01 10:03:08,847 DEBUG   HandlerThread:31297 [handler.py:handle_request():144] handle_request: status_report
2023-12-01 10:03:13,864 DEBUG   HandlerThread:31297 [handler.py:handle_request():144] handle_request: status_report
2023-12-01 10:03:18,882 DEBUG   HandlerThread:31297 [handler.py:handle_request():144] handle_request: status_report
2023-12-01 10:03:22,446 DEBUG   SenderThread:31297 [sender.py:send():369] send: stats
2023-12-01 10:03:22,562 DEBUG   HandlerThread:31297 [handler.py:handle_request():144] handle_request: stop_status
2023-12-01 10:03:22,564 DEBUG   SenderThread:31297 [sender.py:send_request():396] send_request: stop_status
2023-12-01 10:03:24,824 DEBUG   HandlerThread:31297 [handler.py:handle_request():144] handle_request: status_report
2023-12-01 10:03:29,845 DEBUG   HandlerThread:31297 [handler.py:handle_request():144] handle_request: status_report
2023-12-01 10:03:34,862 DEBUG   HandlerThread:31297 [handler.py:handle_request():144] handle_request: status_report
2023-12-01 10:03:37,567 DEBUG   HandlerThread:31297 [handler.py:handle_request():144] handle_request: stop_status
2023-12-01 10:03:37,569 DEBUG   SenderThread:31297 [sender.py:send_request():396] send_request: stop_status
2023-12-01 10:03:40,797 DEBUG   HandlerThread:31297 [handler.py:handle_request():144] handle_request: status_report
2023-12-01 10:03:45,819 DEBUG   HandlerThread:31297 [handler.py:handle_request():144] handle_request: status_report
2023-12-01 10:03:50,831 DEBUG   HandlerThread:31297 [handler.py:handle_request():144] handle_request: status_report
2023-12-01 10:03:52,452 DEBUG   SenderThread:31297 [sender.py:send():369] send: stats
2023-12-01 10:03:52,569 DEBUG   HandlerThread:31297 [handler.py:handle_request():144] handle_request: stop_status
2023-12-01 10:03:52,570 DEBUG   SenderThread:31297 [sender.py:send_request():396] send_request: stop_status
2023-12-01 10:03:55,840 DEBUG   HandlerThread:31297 [handler.py:handle_request():144] handle_request: status_report
2023-12-01 10:04:00,851 DEBUG   HandlerThread:31297 [handler.py:handle_request():144] handle_request: status_report
2023-12-01 10:04:05,861 DEBUG   HandlerThread:31297 [handler.py:handle_request():144] handle_request: status_report
2023-12-01 10:04:07,574 DEBUG   HandlerThread:31297 [handler.py:handle_request():144] handle_request: stop_status
2023-12-01 10:04:07,576 DEBUG   SenderThread:31297 [sender.py:send_request():396] send_request: stop_status
2023-12-01 10:04:10,898 DEBUG   HandlerThread:31297 [handler.py:handle_request():144] handle_request: status_report
2023-12-01 10:04:15,916 DEBUG   HandlerThread:31297 [handler.py:handle_request():144] handle_request: status_report
2023-12-01 10:04:20,935 DEBUG   HandlerThread:31297 [handler.py:handle_request():144] handle_request: status_report
2023-12-01 10:04:22,455 DEBUG   SenderThread:31297 [sender.py:send():369] send: stats
2023-12-01 10:04:22,580 DEBUG   HandlerThread:31297 [handler.py:handle_request():144] handle_request: stop_status
2023-12-01 10:04:22,581 DEBUG   SenderThread:31297 [sender.py:send_request():396] send_request: stop_status
2023-12-01 10:04:26,792 DEBUG   HandlerThread:31297 [handler.py:handle_request():144] handle_request: status_report
2023-12-01 10:04:31,802 DEBUG   HandlerThread:31297 [handler.py:handle_request():144] handle_request: status_report
2023-12-01 10:04:36,814 DEBUG   HandlerThread:31297 [handler.py:handle_request():144] handle_request: status_report
2023-12-01 10:04:37,582 DEBUG   HandlerThread:31297 [handler.py:handle_request():144] handle_request: stop_status
2023-12-01 10:04:37,583 DEBUG   SenderThread:31297 [sender.py:send_request():396] send_request: stop_status
2023-12-01 10:04:41,872 DEBUG   HandlerThread:31297 [handler.py:handle_request():144] handle_request: status_report
2023-12-01 10:04:46,890 DEBUG   HandlerThread:31297 [handler.py:handle_request():144] handle_request: status_report
2023-12-01 10:04:51,905 DEBUG   HandlerThread:31297 [handler.py:handle_request():144] handle_request: status_report
2023-12-01 10:04:52,457 DEBUG   SenderThread:31297 [sender.py:send():369] send: stats
2023-12-01 10:04:52,582 DEBUG   HandlerThread:31297 [handler.py:handle_request():144] handle_request: stop_status
2023-12-01 10:04:52,583 DEBUG   SenderThread:31297 [sender.py:send_request():396] send_request: stop_status
2023-12-01 10:04:57,863 DEBUG   HandlerThread:31297 [handler.py:handle_request():144] handle_request: status_report
2023-12-01 10:05:02,885 DEBUG   HandlerThread:31297 [handler.py:handle_request():144] handle_request: status_report
2023-12-01 10:05:07,583 DEBUG   HandlerThread:31297 [handler.py:handle_request():144] handle_request: stop_status
2023-12-01 10:05:07,584 DEBUG   SenderThread:31297 [sender.py:send_request():396] send_request: stop_status
2023-12-01 10:05:08,770 DEBUG   HandlerThread:31297 [handler.py:handle_request():144] handle_request: status_report
2023-12-01 10:05:13,792 DEBUG   HandlerThread:31297 [handler.py:handle_request():144] handle_request: status_report
2023-12-01 10:05:18,809 DEBUG   HandlerThread:31297 [handler.py:handle_request():144] handle_request: status_report
2023-12-01 10:05:22,464 DEBUG   SenderThread:31297 [sender.py:send():369] send: stats
2023-12-01 10:05:22,583 DEBUG   HandlerThread:31297 [handler.py:handle_request():144] handle_request: stop_status
2023-12-01 10:05:22,584 DEBUG   SenderThread:31297 [sender.py:send_request():396] send_request: stop_status
2023-12-01 10:05:23,830 DEBUG   HandlerThread:31297 [handler.py:handle_request():144] handle_request: status_report
2023-12-01 10:05:28,848 DEBUG   HandlerThread:31297 [handler.py:handle_request():144] handle_request: status_report
2023-12-01 10:05:33,860 DEBUG   HandlerThread:31297 [handler.py:handle_request():144] handle_request: status_report
2023-12-01 10:05:37,585 DEBUG   HandlerThread:31297 [handler.py:handle_request():144] handle_request: stop_status
2023-12-01 10:05:37,586 DEBUG   SenderThread:31297 [sender.py:send_request():396] send_request: stop_status
2023-12-01 10:05:39,825 DEBUG   HandlerThread:31297 [handler.py:handle_request():144] handle_request: status_report
2023-12-01 10:05:44,837 DEBUG   HandlerThread:31297 [handler.py:handle_request():144] handle_request: status_report
2023-12-01 10:05:49,852 DEBUG   HandlerThread:31297 [handler.py:handle_request():144] handle_request: status_report
2023-12-01 10:05:52,471 DEBUG   SenderThread:31297 [sender.py:send():369] send: stats
2023-12-01 10:05:52,584 DEBUG   HandlerThread:31297 [handler.py:handle_request():144] handle_request: stop_status
2023-12-01 10:05:52,585 DEBUG   SenderThread:31297 [sender.py:send_request():396] send_request: stop_status
2023-12-01 10:05:55,855 DEBUG   HandlerThread:31297 [handler.py:handle_request():144] handle_request: status_report
2023-12-01 10:06:00,876 DEBUG   HandlerThread:31297 [handler.py:handle_request():144] handle_request: status_report
2023-12-01 10:06:05,890 DEBUG   HandlerThread:31297 [handler.py:handle_request():144] handle_request: status_report
2023-12-01 10:06:07,589 DEBUG   HandlerThread:31297 [handler.py:handle_request():144] handle_request: stop_status
2023-12-01 10:06:07,591 DEBUG   SenderThread:31297 [sender.py:send_request():396] send_request: stop_status
2023-12-01 10:06:11,817 DEBUG   HandlerThread:31297 [handler.py:handle_request():144] handle_request: status_report
2023-12-01 10:06:16,835 DEBUG   HandlerThread:31297 [handler.py:handle_request():144] handle_request: status_report
2023-12-01 10:06:21,857 DEBUG   HandlerThread:31297 [handler.py:handle_request():144] handle_request: status_report
2023-12-01 10:06:22,477 DEBUG   SenderThread:31297 [sender.py:send():369] send: stats
2023-12-01 10:06:22,589 DEBUG   HandlerThread:31297 [handler.py:handle_request():144] handle_request: stop_status
2023-12-01 10:06:22,591 DEBUG   SenderThread:31297 [sender.py:send_request():396] send_request: stop_status
2023-12-01 10:06:27,847 DEBUG   HandlerThread:31297 [handler.py:handle_request():144] handle_request: status_report
2023-12-01 10:06:32,871 DEBUG   HandlerThread:31297 [handler.py:handle_request():144] handle_request: status_report
2023-12-01 10:06:37,590 DEBUG   HandlerThread:31297 [handler.py:handle_request():144] handle_request: stop_status
2023-12-01 10:06:37,592 DEBUG   SenderThread:31297 [sender.py:send_request():396] send_request: stop_status
2023-12-01 10:06:38,777 DEBUG   HandlerThread:31297 [handler.py:handle_request():144] handle_request: status_report
2023-12-01 10:06:43,798 DEBUG   HandlerThread:31297 [handler.py:handle_request():144] handle_request: status_report
2023-12-01 10:06:48,816 DEBUG   HandlerThread:31297 [handler.py:handle_request():144] handle_request: status_report
2023-12-01 10:06:52,482 DEBUG   SenderThread:31297 [sender.py:send():369] send: stats
2023-12-01 10:06:52,593 DEBUG   HandlerThread:31297 [handler.py:handle_request():144] handle_request: stop_status
2023-12-01 10:06:52,593 DEBUG   SenderThread:31297 [sender.py:send_request():396] send_request: stop_status
2023-12-01 10:06:53,835 DEBUG   HandlerThread:31297 [handler.py:handle_request():144] handle_request: status_report
2023-12-01 10:06:58,847 DEBUG   HandlerThread:31297 [handler.py:handle_request():144] handle_request: status_report
2023-12-01 10:07:03,854 DEBUG   HandlerThread:31297 [handler.py:handle_request():144] handle_request: status_report
2023-12-01 10:07:07,600 DEBUG   HandlerThread:31297 [handler.py:handle_request():144] handle_request: stop_status
2023-12-01 10:07:07,602 DEBUG   SenderThread:31297 [sender.py:send_request():396] send_request: stop_status
2023-12-01 10:07:08,904 DEBUG   HandlerThread:31297 [handler.py:handle_request():144] handle_request: status_report
2023-12-01 10:07:13,923 DEBUG   HandlerThread:31297 [handler.py:handle_request():144] handle_request: status_report
2023-12-01 10:07:18,940 DEBUG   HandlerThread:31297 [handler.py:handle_request():144] handle_request: status_report
2023-12-01 10:07:22,489 DEBUG   SenderThread:31297 [sender.py:send():369] send: stats
2023-12-01 10:07:22,604 DEBUG   HandlerThread:31297 [handler.py:handle_request():144] handle_request: stop_status
2023-12-01 10:07:22,606 DEBUG   SenderThread:31297 [sender.py:send_request():396] send_request: stop_status
2023-12-01 10:07:24,863 DEBUG   HandlerThread:31297 [handler.py:handle_request():144] handle_request: status_report
2023-12-01 10:07:29,879 DEBUG   HandlerThread:31297 [handler.py:handle_request():144] handle_request: status_report
2023-12-01 10:07:34,898 DEBUG   HandlerThread:31297 [handler.py:handle_request():144] handle_request: status_report
2023-12-01 10:07:37,605 DEBUG   HandlerThread:31297 [handler.py:handle_request():144] handle_request: stop_status
2023-12-01 10:07:37,607 DEBUG   SenderThread:31297 [sender.py:send_request():396] send_request: stop_status
2023-12-01 10:07:40,810 DEBUG   HandlerThread:31297 [handler.py:handle_request():144] handle_request: status_report
2023-12-01 10:07:45,826 DEBUG   HandlerThread:31297 [handler.py:handle_request():144] handle_request: status_report
2023-12-01 10:07:50,847 DEBUG   HandlerThread:31297 [handler.py:handle_request():144] handle_request: status_report
2023-12-01 10:07:52,496 DEBUG   SenderThread:31297 [sender.py:send():369] send: stats
2023-12-01 10:07:52,610 DEBUG   HandlerThread:31297 [handler.py:handle_request():144] handle_request: stop_status
2023-12-01 10:07:52,612 DEBUG   SenderThread:31297 [sender.py:send_request():396] send_request: stop_status
2023-12-01 10:07:56,835 DEBUG   HandlerThread:31297 [handler.py:handle_request():144] handle_request: status_report
2023-12-01 10:08:01,841 DEBUG   HandlerThread:31297 [handler.py:handle_request():144] handle_request: status_report
2023-12-01 10:08:06,852 DEBUG   HandlerThread:31297 [handler.py:handle_request():144] handle_request: status_report
2023-12-01 10:08:07,614 DEBUG   HandlerThread:31297 [handler.py:handle_request():144] handle_request: stop_status
2023-12-01 10:08:07,617 DEBUG   SenderThread:31297 [sender.py:send_request():396] send_request: stop_status
2023-12-01 10:08:11,922 DEBUG   HandlerThread:31297 [handler.py:handle_request():144] handle_request: status_report
2023-12-01 10:08:16,936 DEBUG   HandlerThread:31297 [handler.py:handle_request():144] handle_request: status_report
2023-12-01 10:08:21,962 DEBUG   HandlerThread:31297 [handler.py:handle_request():144] handle_request: status_report
2023-12-01 10:08:22,503 DEBUG   SenderThread:31297 [sender.py:send():369] send: stats
2023-12-01 10:08:22,613 DEBUG   HandlerThread:31297 [handler.py:handle_request():144] handle_request: stop_status
2023-12-01 10:08:22,615 DEBUG   SenderThread:31297 [sender.py:send_request():396] send_request: stop_status
2023-12-01 10:08:27,886 DEBUG   HandlerThread:31297 [handler.py:handle_request():144] handle_request: status_report
2023-12-01 10:08:32,903 DEBUG   HandlerThread:31297 [handler.py:handle_request():144] handle_request: status_report
2023-12-01 10:08:37,618 DEBUG   HandlerThread:31297 [handler.py:handle_request():144] handle_request: stop_status
2023-12-01 10:08:37,619 DEBUG   SenderThread:31297 [sender.py:send_request():396] send_request: stop_status
2023-12-01 10:08:38,814 DEBUG   HandlerThread:31297 [handler.py:handle_request():144] handle_request: status_report
2023-12-01 10:08:43,825 DEBUG   HandlerThread:31297 [handler.py:handle_request():144] handle_request: status_report
2023-12-01 10:08:48,841 DEBUG   HandlerThread:31297 [handler.py:handle_request():144] handle_request: status_report
2023-12-01 10:08:52,503 DEBUG   SenderThread:31297 [sender.py:send():369] send: stats
2023-12-01 10:08:52,618 DEBUG   HandlerThread:31297 [handler.py:handle_request():144] handle_request: stop_status
2023-12-01 10:08:52,620 DEBUG   SenderThread:31297 [sender.py:send_request():396] send_request: stop_status
2023-12-01 10:08:53,850 DEBUG   HandlerThread:31297 [handler.py:handle_request():144] handle_request: status_report
2023-12-01 10:08:58,860 DEBUG   HandlerThread:31297 [handler.py:handle_request():144] handle_request: status_report
2023-12-01 10:09:03,872 DEBUG   HandlerThread:31297 [handler.py:handle_request():144] handle_request: status_report
2023-12-01 10:09:07,621 DEBUG   HandlerThread:31297 [handler.py:handle_request():144] handle_request: stop_status
2023-12-01 10:09:07,622 DEBUG   SenderThread:31297 [sender.py:send_request():396] send_request: stop_status
2023-12-01 10:09:08,912 DEBUG   HandlerThread:31297 [handler.py:handle_request():144] handle_request: status_report
2023-12-01 10:09:13,926 DEBUG   HandlerThread:31297 [handler.py:handle_request():144] handle_request: status_report
2023-12-01 10:09:18,932 DEBUG   HandlerThread:31297 [handler.py:handle_request():144] handle_request: status_report
2023-12-01 10:09:22,510 DEBUG   SenderThread:31297 [sender.py:send():369] send: stats
2023-12-01 10:09:22,626 DEBUG   HandlerThread:31297 [handler.py:handle_request():144] handle_request: stop_status
2023-12-01 10:09:22,627 DEBUG   SenderThread:31297 [sender.py:send_request():396] send_request: stop_status
2023-12-01 10:09:24,827 DEBUG   HandlerThread:31297 [handler.py:handle_request():144] handle_request: status_report
2023-12-01 10:09:29,837 DEBUG   HandlerThread:31297 [handler.py:handle_request():144] handle_request: status_report
2023-12-01 10:09:34,841 DEBUG   HandlerThread:31297 [handler.py:handle_request():144] handle_request: status_report
2023-12-01 10:09:37,626 DEBUG   HandlerThread:31297 [handler.py:handle_request():144] handle_request: stop_status
2023-12-01 10:09:37,628 DEBUG   SenderThread:31297 [sender.py:send_request():396] send_request: stop_status
2023-12-01 10:09:39,853 DEBUG   HandlerThread:31297 [handler.py:handle_request():144] handle_request: status_report
2023-12-01 10:09:44,867 DEBUG   HandlerThread:31297 [handler.py:handle_request():144] handle_request: status_report
2023-12-01 10:09:49,886 DEBUG   HandlerThread:31297 [handler.py:handle_request():144] handle_request: status_report
2023-12-01 10:09:52,512 DEBUG   SenderThread:31297 [sender.py:send():369] send: stats
2023-12-01 10:09:52,632 DEBUG   HandlerThread:31297 [handler.py:handle_request():144] handle_request: stop_status
2023-12-01 10:09:52,634 DEBUG   SenderThread:31297 [sender.py:send_request():396] send_request: stop_status
2023-12-01 10:09:54,896 DEBUG   HandlerThread:31297 [handler.py:handle_request():144] handle_request: status_report
2023-12-01 10:09:59,916 DEBUG   HandlerThread:31297 [handler.py:handle_request():144] handle_request: status_report
2023-12-01 10:10:04,930 DEBUG   HandlerThread:31297 [handler.py:handle_request():144] handle_request: status_report
2023-12-01 10:10:07,632 DEBUG   HandlerThread:31297 [handler.py:handle_request():144] handle_request: stop_status
2023-12-01 10:10:07,634 DEBUG   SenderThread:31297 [sender.py:send_request():396] send_request: stop_status
2023-12-01 10:10:10,820 DEBUG   HandlerThread:31297 [handler.py:handle_request():144] handle_request: status_report
2023-12-01 10:10:15,844 DEBUG   HandlerThread:31297 [handler.py:handle_request():144] handle_request: status_report
2023-12-01 10:10:20,853 DEBUG   HandlerThread:31297 [handler.py:handle_request():144] handle_request: status_report
2023-12-01 10:10:22,519 DEBUG   SenderThread:31297 [sender.py:send():369] send: stats
2023-12-01 10:10:22,637 DEBUG   HandlerThread:31297 [handler.py:handle_request():144] handle_request: stop_status
2023-12-01 10:10:22,639 DEBUG   SenderThread:31297 [sender.py:send_request():396] send_request: stop_status
2023-12-01 10:10:25,933 DEBUG   HandlerThread:31297 [handler.py:handle_request():144] handle_request: status_report
2023-12-01 10:10:30,951 DEBUG   HandlerThread:31297 [handler.py:handle_request():144] handle_request: status_report
2023-12-01 10:10:35,973 DEBUG   HandlerThread:31297 [handler.py:handle_request():144] handle_request: status_report
2023-12-01 10:10:37,641 DEBUG   HandlerThread:31297 [handler.py:handle_request():144] handle_request: stop_status
2023-12-01 10:10:37,643 DEBUG   SenderThread:31297 [sender.py:send_request():396] send_request: stop_status
2023-12-01 10:10:41,835 DEBUG   HandlerThread:31297 [handler.py:handle_request():144] handle_request: status_report
2023-12-01 10:10:46,846 DEBUG   HandlerThread:31297 [handler.py:handle_request():144] handle_request: status_report
2023-12-01 10:10:51,864 DEBUG   HandlerThread:31297 [handler.py:handle_request():144] handle_request: status_report
2023-12-01 10:10:52,526 DEBUG   SenderThread:31297 [sender.py:send():369] send: stats
2023-12-01 10:10:52,647 DEBUG   HandlerThread:31297 [handler.py:handle_request():144] handle_request: stop_status
2023-12-01 10:10:52,650 DEBUG   SenderThread:31297 [sender.py:send_request():396] send_request: stop_status
2023-12-01 10:10:56,893 DEBUG   HandlerThread:31297 [handler.py:handle_request():144] handle_request: status_report
2023-12-01 10:11:01,911 DEBUG   HandlerThread:31297 [handler.py:handle_request():144] handle_request: status_report
2023-12-01 10:11:06,924 DEBUG   HandlerThread:31297 [handler.py:handle_request():144] handle_request: status_report
2023-12-01 10:11:07,648 DEBUG   HandlerThread:31297 [handler.py:handle_request():144] handle_request: stop_status
2023-12-01 10:11:07,650 DEBUG   SenderThread:31297 [sender.py:send_request():396] send_request: stop_status
2023-12-01 10:11:12,665 DEBUG   HandlerThread:31297 [handler.py:handle_request():144] handle_request: keepalive
2023-12-01 10:11:17,502 DEBUG   HandlerThread:31297 [handler.py:handle_request():144] handle_request: status_report
2023-12-01 10:11:22,517 DEBUG   HandlerThread:31297 [handler.py:handle_request():144] handle_request: status_report
2023-12-01 10:11:22,533 DEBUG   SenderThread:31297 [sender.py:send():369] send: stats
2023-12-01 10:11:22,651 DEBUG   HandlerThread:31297 [handler.py:handle_request():144] handle_request: stop_status
2023-12-01 10:11:22,652 DEBUG   HandlerThread:31297 [handler.py:handle_request():144] handle_request: keepalive
2023-12-01 10:11:22,653 DEBUG   SenderThread:31297 [sender.py:send_request():396] send_request: stop_status
2023-12-01 10:11:27,861 DEBUG   HandlerThread:31297 [handler.py:handle_request():144] handle_request: status_report
2023-12-01 10:11:32,880 DEBUG   HandlerThread:31297 [handler.py:handle_request():144] handle_request: status_report
2023-12-01 10:11:37,651 DEBUG   HandlerThread:31297 [handler.py:handle_request():144] handle_request: stop_status
2023-12-01 10:11:37,652 DEBUG   SenderThread:31297 [sender.py:send_request():396] send_request: stop_status
2023-12-01 10:11:37,930 DEBUG   HandlerThread:31297 [handler.py:handle_request():144] handle_request: status_report
2023-12-01 10:11:42,946 DEBUG   HandlerThread:31297 [handler.py:handle_request():144] handle_request: status_report
2023-12-01 10:11:47,958 DEBUG   HandlerThread:31297 [handler.py:handle_request():144] handle_request: status_report
2023-12-01 10:11:52,538 DEBUG   SenderThread:31297 [sender.py:send():369] send: stats
2023-12-01 10:11:52,654 DEBUG   HandlerThread:31297 [handler.py:handle_request():144] handle_request: stop_status
2023-12-01 10:11:52,655 DEBUG   HandlerThread:31297 [handler.py:handle_request():144] handle_request: keepalive
2023-12-01 10:11:52,656 DEBUG   SenderThread:31297 [sender.py:send_request():396] send_request: stop_status
2023-12-01 10:11:53,013 DEBUG   HandlerThread:31297 [handler.py:handle_request():144] handle_request: status_report
2023-12-01 10:11:58,039 DEBUG   HandlerThread:31297 [handler.py:handle_request():144] handle_request: status_report
2023-12-01 10:12:03,064 DEBUG   HandlerThread:31297 [handler.py:handle_request():144] handle_request: status_report
2023-12-01 10:12:07,659 DEBUG   HandlerThread:31297 [handler.py:handle_request():144] handle_request: stop_status
2023-12-01 10:12:07,660 DEBUG   HandlerThread:31297 [handler.py:handle_request():144] handle_request: keepalive
2023-12-01 10:12:07,661 DEBUG   SenderThread:31297 [sender.py:send_request():396] send_request: stop_status
2023-12-01 10:12:08,891 DEBUG   HandlerThread:31297 [handler.py:handle_request():144] handle_request: status_report
2023-12-01 10:12:13,909 DEBUG   HandlerThread:31297 [handler.py:handle_request():144] handle_request: status_report
2023-12-01 10:12:18,924 DEBUG   HandlerThread:31297 [handler.py:handle_request():144] handle_request: status_report
2023-12-01 10:12:22,543 DEBUG   SenderThread:31297 [sender.py:send():369] send: stats
2023-12-01 10:12:22,663 DEBUG   HandlerThread:31297 [handler.py:handle_request():144] handle_request: keepalive
2023-12-01 10:12:22,664 DEBUG   HandlerThread:31297 [handler.py:handle_request():144] handle_request: stop_status
2023-12-01 10:12:22,665 DEBUG   SenderThread:31297 [sender.py:send_request():396] send_request: stop_status
2023-12-01 10:12:24,892 DEBUG   HandlerThread:31297 [handler.py:handle_request():144] handle_request: status_report
2023-12-01 10:12:29,905 DEBUG   HandlerThread:31297 [handler.py:handle_request():144] handle_request: status_report
2023-12-01 10:12:34,916 DEBUG   HandlerThread:31297 [handler.py:handle_request():144] handle_request: status_report
2023-12-01 10:12:37,667 DEBUG   HandlerThread:31297 [handler.py:handle_request():144] handle_request: keepalive
2023-12-01 10:12:37,668 DEBUG   HandlerThread:31297 [handler.py:handle_request():144] handle_request: stop_status
2023-12-01 10:12:37,673 DEBUG   SenderThread:31297 [sender.py:send_request():396] send_request: stop_status
2023-12-01 10:12:40,187 DEBUG   HandlerThread:31297 [handler.py:handle_request():144] handle_request: status_report
2023-12-01 10:12:45,207 DEBUG   HandlerThread:31297 [handler.py:handle_request():144] handle_request: status_report
2023-12-01 10:12:50,221 DEBUG   HandlerThread:31297 [handler.py:handle_request():144] handle_request: status_report
2023-12-01 10:12:52,550 DEBUG   SenderThread:31297 [sender.py:send():369] send: stats
2023-12-01 10:12:52,667 DEBUG   HandlerThread:31297 [handler.py:handle_request():144] handle_request: keepalive
2023-12-01 10:12:52,668 DEBUG   HandlerThread:31297 [handler.py:handle_request():144] handle_request: stop_status
2023-12-01 10:12:52,669 DEBUG   SenderThread:31297 [sender.py:send_request():396] send_request: stop_status
2023-12-01 10:12:55,847 DEBUG   HandlerThread:31297 [handler.py:handle_request():144] handle_request: status_report
2023-12-01 10:13:00,863 DEBUG   HandlerThread:31297 [handler.py:handle_request():144] handle_request: status_report
2023-12-01 10:13:05,873 DEBUG   HandlerThread:31297 [handler.py:handle_request():144] handle_request: status_report
2023-12-01 10:13:07,673 DEBUG   HandlerThread:31297 [handler.py:handle_request():144] handle_request: stop_status
2023-12-01 10:13:07,673 DEBUG   HandlerThread:31297 [handler.py:handle_request():144] handle_request: keepalive
2023-12-01 10:13:07,674 DEBUG   SenderThread:31297 [sender.py:send_request():396] send_request: stop_status
2023-12-01 10:13:11,732 DEBUG   HandlerThread:31297 [handler.py:handle_request():144] handle_request: status_report
2023-12-01 10:13:16,746 DEBUG   HandlerThread:31297 [handler.py:handle_request():144] handle_request: status_report
2023-12-01 10:13:21,762 DEBUG   HandlerThread:31297 [handler.py:handle_request():144] handle_request: status_report
2023-12-01 10:13:22,555 DEBUG   SenderThread:31297 [sender.py:send():369] send: stats
2023-12-01 10:13:22,671 DEBUG   HandlerThread:31297 [handler.py:handle_request():144] handle_request: stop_status
2023-12-01 10:13:22,672 DEBUG   HandlerThread:31297 [handler.py:handle_request():144] handle_request: keepalive
2023-12-01 10:13:22,673 DEBUG   SenderThread:31297 [sender.py:send_request():396] send_request: stop_status
2023-12-01 10:13:27,689 DEBUG   HandlerThread:31297 [handler.py:handle_request():144] handle_request: keepalive
2023-12-01 10:13:32,706 DEBUG   HandlerThread:31297 [handler.py:handle_request():144] handle_request: keepalive
2023-12-01 10:13:37,717 DEBUG   HandlerThread:31297 [handler.py:handle_request():144] handle_request: keepalive
2023-12-01 10:13:42,734 DEBUG   HandlerThread:31297 [handler.py:handle_request():144] handle_request: keepalive
2023-12-01 10:13:47,752 DEBUG   HandlerThread:31297 [handler.py:handle_request():144] handle_request: keepalive
2023-12-01 10:13:52,773 DEBUG   HandlerThread:31297 [handler.py:handle_request():144] handle_request: keepalive
2023-12-01 10:13:57,783 DEBUG   HandlerThread:31297 [handler.py:handle_request():144] handle_request: keepalive
2023-12-01 10:14:02,798 DEBUG   HandlerThread:31297 [handler.py:handle_request():144] handle_request: keepalive
2023-12-01 10:14:07,807 DEBUG   HandlerThread:31297 [handler.py:handle_request():144] handle_request: keepalive
2023-12-01 10:14:12,819 DEBUG   HandlerThread:31297 [handler.py:handle_request():144] handle_request: keepalive
2023-12-01 10:14:17,834 DEBUG   HandlerThread:31297 [handler.py:handle_request():144] handle_request: keepalive
2023-12-01 10:14:19,149 INFO    SenderThread:31297 [retry.py:__call__():172] Retry attempt failed:
Traceback (most recent call last):
  File "/Users/clementgillet/PycharmProjects/THESIS/venv/lib/python3.9/site-packages/urllib3/connection.py", line 174, in _new_conn
    conn = connection.create_connection(
  File "/Users/clementgillet/PycharmProjects/THESIS/venv/lib/python3.9/site-packages/urllib3/util/connection.py", line 95, in create_connection
    raise err
  File "/Users/clementgillet/PycharmProjects/THESIS/venv/lib/python3.9/site-packages/urllib3/util/connection.py", line 85, in create_connection
    sock.connect(sa)
socket.timeout: timed out

During handling of the above exception, another exception occurred:

Traceback (most recent call last):
  File "/Users/clementgillet/PycharmProjects/THESIS/venv/lib/python3.9/site-packages/urllib3/connectionpool.py", line 714, in urlopen
    httplib_response = self._make_request(
  File "/Users/clementgillet/PycharmProjects/THESIS/venv/lib/python3.9/site-packages/urllib3/connectionpool.py", line 403, in _make_request
    self._validate_conn(conn)
  File "/Users/clementgillet/PycharmProjects/THESIS/venv/lib/python3.9/site-packages/urllib3/connectionpool.py", line 1053, in _validate_conn
    conn.connect()
  File "/Users/clementgillet/PycharmProjects/THESIS/venv/lib/python3.9/site-packages/urllib3/connection.py", line 363, in connect
    self.sock = conn = self._new_conn()
  File "/Users/clementgillet/PycharmProjects/THESIS/venv/lib/python3.9/site-packages/urllib3/connection.py", line 179, in _new_conn
    raise ConnectTimeoutError(
urllib3.exceptions.ConnectTimeoutError: (<urllib3.connection.HTTPSConnection object at 0x11daf06a0>, 'Connection to api.wandb.ai timed out. (connect timeout=10)')

During handling of the above exception, another exception occurred:

Traceback (most recent call last):
  File "/Users/clementgillet/PycharmProjects/THESIS/venv/lib/python3.9/site-packages/requests/adapters.py", line 486, in send
    resp = conn.urlopen(
  File "/Users/clementgillet/PycharmProjects/THESIS/venv/lib/python3.9/site-packages/urllib3/connectionpool.py", line 798, in urlopen
    retries = retries.increment(
  File "/Users/clementgillet/PycharmProjects/THESIS/venv/lib/python3.9/site-packages/urllib3/util/retry.py", line 592, in increment
    raise MaxRetryError(_pool, url, error or ResponseError(cause))
urllib3.exceptions.MaxRetryError: HTTPSConnectionPool(host='api.wandb.ai', port=443): Max retries exceeded with url: /graphql (Caused by ConnectTimeoutError(<urllib3.connection.HTTPSConnection object at 0x11daf06a0>, 'Connection to api.wandb.ai timed out. (connect timeout=10)'))

During handling of the above exception, another exception occurred:

Traceback (most recent call last):
  File "/Users/clementgillet/PycharmProjects/THESIS/venv/lib/python3.9/site-packages/wandb/sdk/lib/retry.py", line 131, in __call__
    result = self._call_fn(*args, **kwargs)
  File "/Users/clementgillet/PycharmProjects/THESIS/venv/lib/python3.9/site-packages/wandb/sdk/internal/internal_api.py", line 320, in execute
    return self.client.execute(*args, **kwargs)  # type: ignore
  File "/Users/clementgillet/PycharmProjects/THESIS/venv/lib/python3.9/site-packages/wandb/vendor/gql-0.2.0/wandb_gql/client.py", line 52, in execute
    result = self._get_result(document, *args, **kwargs)
  File "/Users/clementgillet/PycharmProjects/THESIS/venv/lib/python3.9/site-packages/wandb/vendor/gql-0.2.0/wandb_gql/client.py", line 60, in _get_result
    return self.transport.execute(document, *args, **kwargs)
  File "/Users/clementgillet/PycharmProjects/THESIS/venv/lib/python3.9/site-packages/wandb/sdk/lib/gql_request.py", line 55, in execute
    request = self.session.post(self.url, **post_args)
  File "/Users/clementgillet/PycharmProjects/THESIS/venv/lib/python3.9/site-packages/requests/sessions.py", line 637, in post
    return self.request("POST", url, data=data, json=json, **kwargs)
  File "/Users/clementgillet/PycharmProjects/THESIS/venv/lib/python3.9/site-packages/requests/sessions.py", line 589, in request
    resp = self.send(prep, **send_kwargs)
  File "/Users/clementgillet/PycharmProjects/THESIS/venv/lib/python3.9/site-packages/requests/sessions.py", line 703, in send
    r = adapter.send(request, **kwargs)
  File "/Users/clementgillet/PycharmProjects/THESIS/venv/lib/python3.9/site-packages/requests/adapters.py", line 507, in send
    raise ConnectTimeout(e, request=request)
requests.exceptions.ConnectTimeout: HTTPSConnectionPool(host='api.wandb.ai', port=443): Max retries exceeded with url: /graphql (Caused by ConnectTimeoutError(<urllib3.connection.HTTPSConnection object at 0x11daf06a0>, 'Connection to api.wandb.ai timed out. (connect timeout=10)'))
2023-12-01 10:14:22,860 DEBUG   HandlerThread:31297 [handler.py:handle_request():144] handle_request: keepalive
2023-12-01 10:14:27,875 DEBUG   HandlerThread:31297 [handler.py:handle_request():144] handle_request: keepalive
2023-12-01 10:14:32,891 DEBUG   HandlerThread:31297 [handler.py:handle_request():144] handle_request: keepalive
2023-12-01 10:14:37,908 DEBUG   HandlerThread:31297 [handler.py:handle_request():144] handle_request: keepalive
2023-12-01 10:14:42,927 DEBUG   HandlerThread:31297 [handler.py:handle_request():144] handle_request: keepalive
2023-12-01 10:14:47,948 DEBUG   HandlerThread:31297 [handler.py:handle_request():144] handle_request: keepalive
2023-12-01 10:14:52,965 DEBUG   HandlerThread:31297 [handler.py:handle_request():144] handle_request: keepalive
2023-12-01 10:14:57,988 DEBUG   HandlerThread:31297 [handler.py:handle_request():144] handle_request: keepalive
2023-12-01 10:15:02,999 DEBUG   HandlerThread:31297 [handler.py:handle_request():144] handle_request: keepalive
2023-12-01 10:15:08,012 DEBUG   HandlerThread:31297 [handler.py:handle_request():144] handle_request: keepalive
2023-12-01 10:15:13,032 DEBUG   HandlerThread:31297 [handler.py:handle_request():144] handle_request: keepalive
2023-12-01 10:15:18,047 DEBUG   HandlerThread:31297 [handler.py:handle_request():144] handle_request: keepalive
2023-12-01 10:15:23,057 DEBUG   HandlerThread:31297 [handler.py:handle_request():144] handle_request: keepalive
2023-12-01 10:15:28,066 DEBUG   HandlerThread:31297 [handler.py:handle_request():144] handle_request: keepalive
2023-12-01 10:15:30,433 DEBUG   SenderThread:31297 [sender.py:send():369] send: stats
2023-12-01 10:15:30,434 DEBUG   HandlerThread:31297 [handler.py:handle_request():144] handle_request: status_report
2023-12-01 10:15:30,435 DEBUG   SenderThread:31297 [sender.py:send():369] send: stats
2023-12-01 10:15:30,436 DEBUG   SenderThread:31297 [sender.py:send():369] send: stats
2023-12-01 10:15:30,436 DEBUG   SenderThread:31297 [sender.py:send():369] send: stats
2023-12-01 10:15:33,082 DEBUG   HandlerThread:31297 [handler.py:handle_request():144] handle_request: keepalive
2023-12-01 10:15:35,452 DEBUG   HandlerThread:31297 [handler.py:handle_request():144] handle_request: status_report
2023-12-01 10:15:38,093 DEBUG   HandlerThread:31297 [handler.py:handle_request():144] handle_request: keepalive
2023-12-01 10:15:40,464 DEBUG   HandlerThread:31297 [handler.py:handle_request():144] handle_request: status_report
2023-12-01 10:15:43,109 DEBUG   HandlerThread:31297 [handler.py:handle_request():144] handle_request: keepalive
2023-12-01 10:15:45,471 DEBUG   HandlerThread:31297 [handler.py:handle_request():144] handle_request: status_report
2023-12-01 10:15:48,121 DEBUG   HandlerThread:31297 [handler.py:handle_request():144] handle_request: keepalive
2023-12-01 10:15:50,484 DEBUG   HandlerThread:31297 [handler.py:handle_request():144] handle_request: status_report
2023-12-01 10:15:52,578 DEBUG   SenderThread:31297 [sender.py:send():369] send: stats
2023-12-01 10:15:53,133 DEBUG   HandlerThread:31297 [handler.py:handle_request():144] handle_request: keepalive
2023-12-01 10:15:55,586 DEBUG   HandlerThread:31297 [handler.py:handle_request():144] handle_request: status_report
2023-12-01 10:15:58,150 DEBUG   HandlerThread:31297 [handler.py:handle_request():144] handle_request: keepalive
2023-12-01 10:16:00,607 DEBUG   HandlerThread:31297 [handler.py:handle_request():144] handle_request: status_report
2023-12-01 10:16:03,168 DEBUG   HandlerThread:31297 [handler.py:handle_request():144] handle_request: keepalive
2023-12-01 10:16:05,626 DEBUG   HandlerThread:31297 [handler.py:handle_request():144] handle_request: status_report
2023-12-01 10:16:08,180 DEBUG   HandlerThread:31297 [handler.py:handle_request():144] handle_request: keepalive
2023-12-01 10:16:10,644 DEBUG   HandlerThread:31297 [handler.py:handle_request():144] handle_request: status_report
2023-12-01 10:16:13,197 DEBUG   HandlerThread:31297 [handler.py:handle_request():144] handle_request: keepalive
2023-12-01 10:16:15,666 DEBUG   HandlerThread:31297 [handler.py:handle_request():144] handle_request: status_report
2023-12-01 10:16:18,213 DEBUG   HandlerThread:31297 [handler.py:handle_request():144] handle_request: keepalive
2023-12-01 10:16:20,680 DEBUG   HandlerThread:31297 [handler.py:handle_request():144] handle_request: status_report
2023-12-01 10:16:22,574 DEBUG   SenderThread:31297 [sender.py:send():369] send: stats
2023-12-01 10:16:23,220 DEBUG   HandlerThread:31297 [handler.py:handle_request():144] handle_request: keepalive
2023-12-01 10:16:26,582 DEBUG   HandlerThread:31297 [handler.py:handle_request():144] handle_request: status_report
2023-12-01 10:16:28,238 DEBUG   HandlerThread:31297 [handler.py:handle_request():144] handle_request: keepalive
2023-12-01 10:16:31,591 DEBUG   HandlerThread:31297 [handler.py:handle_request():144] handle_request: status_report
2023-12-01 10:16:33,253 DEBUG   HandlerThread:31297 [handler.py:handle_request():144] handle_request: keepalive
2023-12-01 10:16:36,609 DEBUG   HandlerThread:31297 [handler.py:handle_request():144] handle_request: status_report
2023-12-01 10:16:38,257 DEBUG   HandlerThread:31297 [handler.py:handle_request():144] handle_request: keepalive
2023-12-01 10:16:41,629 DEBUG   HandlerThread:31297 [handler.py:handle_request():144] handle_request: status_report
2023-12-01 10:16:43,264 DEBUG   HandlerThread:31297 [handler.py:handle_request():144] handle_request: keepalive
2023-12-01 10:16:46,645 DEBUG   HandlerThread:31297 [handler.py:handle_request():144] handle_request: status_report
2023-12-01 10:16:48,285 DEBUG   HandlerThread:31297 [handler.py:handle_request():144] handle_request: keepalive
2023-12-01 10:16:51,667 DEBUG   HandlerThread:31297 [handler.py:handle_request():144] handle_request: status_report
2023-12-01 10:16:52,581 DEBUG   SenderThread:31297 [sender.py:send():369] send: stats
2023-12-01 10:16:53,302 DEBUG   HandlerThread:31297 [handler.py:handle_request():144] handle_request: keepalive
2023-12-01 10:16:57,599 DEBUG   HandlerThread:31297 [handler.py:handle_request():144] handle_request: status_report
2023-12-01 10:16:58,312 DEBUG   HandlerThread:31297 [handler.py:handle_request():144] handle_request: keepalive
2023-12-01 10:17:02,610 DEBUG   HandlerThread:31297 [handler.py:handle_request():144] handle_request: status_report
2023-12-01 10:17:03,328 DEBUG   HandlerThread:31297 [handler.py:handle_request():144] handle_request: keepalive
2023-12-01 10:17:07,632 DEBUG   HandlerThread:31297 [handler.py:handle_request():144] handle_request: status_report
2023-12-01 10:17:08,337 DEBUG   HandlerThread:31297 [handler.py:handle_request():144] handle_request: keepalive
2023-12-01 10:17:12,643 DEBUG   HandlerThread:31297 [handler.py:handle_request():144] handle_request: status_report
2023-12-01 10:17:13,350 DEBUG   HandlerThread:31297 [handler.py:handle_request():144] handle_request: keepalive
2023-12-01 10:17:17,658 DEBUG   HandlerThread:31297 [handler.py:handle_request():144] handle_request: status_report
2023-12-01 10:17:18,364 DEBUG   HandlerThread:31297 [handler.py:handle_request():144] handle_request: keepalive
2023-12-01 10:17:22,586 DEBUG   SenderThread:31297 [sender.py:send():369] send: stats
2023-12-01 10:17:23,378 DEBUG   HandlerThread:31297 [handler.py:handle_request():144] handle_request: keepalive
2023-12-01 10:17:23,589 DEBUG   HandlerThread:31297 [handler.py:handle_request():144] handle_request: status_report
2023-12-01 10:17:28,398 DEBUG   HandlerThread:31297 [handler.py:handle_request():144] handle_request: keepalive
2023-12-01 10:17:28,599 DEBUG   HandlerThread:31297 [handler.py:handle_request():144] handle_request: status_report
2023-12-01 10:17:33,414 DEBUG   HandlerThread:31297 [handler.py:handle_request():144] handle_request: keepalive
2023-12-01 10:17:33,620 DEBUG   HandlerThread:31297 [handler.py:handle_request():144] handle_request: status_report
2023-12-01 10:17:38,438 DEBUG   HandlerThread:31297 [handler.py:handle_request():144] handle_request: keepalive
2023-12-01 10:17:38,628 DEBUG   HandlerThread:31297 [handler.py:handle_request():144] handle_request: status_report
2023-12-01 10:17:43,459 DEBUG   HandlerThread:31297 [handler.py:handle_request():144] handle_request: keepalive
2023-12-01 10:17:43,647 DEBUG   HandlerThread:31297 [handler.py:handle_request():144] handle_request: status_report
2023-12-01 10:17:48,473 DEBUG   HandlerThread:31297 [handler.py:handle_request():144] handle_request: keepalive
2023-12-01 10:17:48,663 DEBUG   HandlerThread:31297 [handler.py:handle_request():144] handle_request: status_report
2023-12-01 10:17:52,588 DEBUG   SenderThread:31297 [sender.py:send():369] send: stats
2023-12-01 10:17:53,481 DEBUG   HandlerThread:31297 [handler.py:handle_request():144] handle_request: keepalive
2023-12-01 10:17:54,598 DEBUG   HandlerThread:31297 [handler.py:handle_request():144] handle_request: status_report
2023-12-01 10:17:58,495 DEBUG   HandlerThread:31297 [handler.py:handle_request():144] handle_request: keepalive
2023-12-01 10:17:59,609 DEBUG   HandlerThread:31297 [handler.py:handle_request():144] handle_request: status_report
2023-12-01 10:18:03,507 DEBUG   HandlerThread:31297 [handler.py:handle_request():144] handle_request: keepalive
2023-12-01 10:18:04,621 DEBUG   HandlerThread:31297 [handler.py:handle_request():144] handle_request: status_report
2023-12-01 10:18:08,529 DEBUG   HandlerThread:31297 [handler.py:handle_request():144] handle_request: keepalive
2023-12-01 10:18:09,644 DEBUG   HandlerThread:31297 [handler.py:handle_request():144] handle_request: status_report
2023-12-01 10:18:13,546 DEBUG   HandlerThread:31297 [handler.py:handle_request():144] handle_request: keepalive
2023-12-01 10:18:14,669 DEBUG   HandlerThread:31297 [handler.py:handle_request():144] handle_request: status_report
2023-12-01 10:18:18,552 DEBUG   HandlerThread:31297 [handler.py:handle_request():144] handle_request: keepalive
2023-12-01 10:18:19,691 DEBUG   HandlerThread:31297 [handler.py:handle_request():144] handle_request: status_report
2023-12-01 10:18:22,595 DEBUG   SenderThread:31297 [sender.py:send():369] send: stats
2023-12-01 10:18:23,559 DEBUG   HandlerThread:31297 [handler.py:handle_request():144] handle_request: keepalive
2023-12-01 10:18:25,609 DEBUG   HandlerThread:31297 [handler.py:handle_request():144] handle_request: status_report
2023-12-01 10:18:28,581 DEBUG   HandlerThread:31297 [handler.py:handle_request():144] handle_request: keepalive
2023-12-01 10:18:30,620 DEBUG   HandlerThread:31297 [handler.py:handle_request():144] handle_request: status_report
2023-12-01 10:18:33,600 DEBUG   HandlerThread:31297 [handler.py:handle_request():144] handle_request: keepalive
2023-12-01 10:18:35,642 DEBUG   HandlerThread:31297 [handler.py:handle_request():144] handle_request: status_report
2023-12-01 10:18:38,622 DEBUG   HandlerThread:31297 [handler.py:handle_request():144] handle_request: keepalive
2023-12-01 10:18:40,666 DEBUG   HandlerThread:31297 [handler.py:handle_request():144] handle_request: status_report
2023-12-01 10:18:43,633 DEBUG   HandlerThread:31297 [handler.py:handle_request():144] handle_request: keepalive
2023-12-01 10:18:45,676 DEBUG   HandlerThread:31297 [handler.py:handle_request():144] handle_request: status_report
2023-12-01 10:18:48,649 DEBUG   HandlerThread:31297 [handler.py:handle_request():144] handle_request: keepalive
2023-12-01 10:18:50,697 DEBUG   HandlerThread:31297 [handler.py:handle_request():144] handle_request: status_report
2023-12-01 10:18:52,597 DEBUG   SenderThread:31297 [sender.py:send():369] send: stats
2023-12-01 10:18:53,664 DEBUG   HandlerThread:31297 [handler.py:handle_request():144] handle_request: keepalive
2023-12-01 10:18:56,605 DEBUG   HandlerThread:31297 [handler.py:handle_request():144] handle_request: status_report
2023-12-01 10:18:58,680 DEBUG   HandlerThread:31297 [handler.py:handle_request():144] handle_request: keepalive
2023-12-01 10:19:01,621 DEBUG   HandlerThread:31297 [handler.py:handle_request():144] handle_request: status_report
2023-12-01 10:19:03,696 DEBUG   HandlerThread:31297 [handler.py:handle_request():144] handle_request: keepalive
2023-12-01 10:19:06,633 DEBUG   HandlerThread:31297 [handler.py:handle_request():144] handle_request: status_report
2023-12-01 10:19:08,711 DEBUG   HandlerThread:31297 [handler.py:handle_request():144] handle_request: keepalive
2023-12-01 10:19:11,649 DEBUG   HandlerThread:31297 [handler.py:handle_request():144] handle_request: status_report
2023-12-01 10:19:13,729 DEBUG   HandlerThread:31297 [handler.py:handle_request():144] handle_request: keepalive
2023-12-01 10:19:16,665 DEBUG   HandlerThread:31297 [handler.py:handle_request():144] handle_request: status_report
2023-12-01 10:19:18,745 DEBUG   HandlerThread:31297 [handler.py:handle_request():144] handle_request: keepalive
2023-12-01 10:19:21,679 DEBUG   HandlerThread:31297 [handler.py:handle_request():144] handle_request: status_report
2023-12-01 10:19:22,599 DEBUG   SenderThread:31297 [sender.py:send():369] send: stats
2023-12-01 10:19:23,758 DEBUG   HandlerThread:31297 [handler.py:handle_request():144] handle_request: keepalive
2023-12-01 10:19:27,615 DEBUG   HandlerThread:31297 [handler.py:handle_request():144] handle_request: status_report
2023-12-01 10:19:28,774 DEBUG   HandlerThread:31297 [handler.py:handle_request():144] handle_request: keepalive
2023-12-01 10:19:32,628 DEBUG   HandlerThread:31297 [handler.py:handle_request():144] handle_request: status_report
2023-12-01 10:19:33,793 DEBUG   HandlerThread:31297 [handler.py:handle_request():144] handle_request: keepalive
2023-12-01 10:19:37,642 DEBUG   HandlerThread:31297 [handler.py:handle_request():144] handle_request: status_report
2023-12-01 10:19:38,808 DEBUG   HandlerThread:31297 [handler.py:handle_request():144] handle_request: keepalive
2023-12-01 10:19:42,662 DEBUG   HandlerThread:31297 [handler.py:handle_request():144] handle_request: status_report
2023-12-01 10:19:43,823 DEBUG   HandlerThread:31297 [handler.py:handle_request():144] handle_request: keepalive
2023-12-01 10:19:47,679 DEBUG   HandlerThread:31297 [handler.py:handle_request():144] handle_request: status_report
2023-12-01 10:19:48,839 DEBUG   HandlerThread:31297 [handler.py:handle_request():144] handle_request: keepalive
2023-12-01 10:19:52,605 DEBUG   SenderThread:31297 [sender.py:send():369] send: stats
2023-12-01 10:19:53,610 DEBUG   HandlerThread:31297 [handler.py:handle_request():144] handle_request: status_report
2023-12-01 10:19:53,853 DEBUG   HandlerThread:31297 [handler.py:handle_request():144] handle_request: keepalive
2023-12-01 10:19:58,628 DEBUG   HandlerThread:31297 [handler.py:handle_request():144] handle_request: status_report
2023-12-01 10:19:58,871 DEBUG   HandlerThread:31297 [handler.py:handle_request():144] handle_request: keepalive
2023-12-01 10:20:03,644 DEBUG   HandlerThread:31297 [handler.py:handle_request():144] handle_request: status_report
2023-12-01 10:20:03,885 DEBUG   HandlerThread:31297 [handler.py:handle_request():144] handle_request: keepalive
2023-12-01 10:20:08,649 DEBUG   HandlerThread:31297 [handler.py:handle_request():144] handle_request: status_report
2023-12-01 10:20:08,897 DEBUG   HandlerThread:31297 [handler.py:handle_request():144] handle_request: keepalive
2023-12-01 10:20:13,662 DEBUG   HandlerThread:31297 [handler.py:handle_request():144] handle_request: status_report
2023-12-01 10:20:13,915 DEBUG   HandlerThread:31297 [handler.py:handle_request():144] handle_request: keepalive
2023-12-01 10:20:18,681 DEBUG   HandlerThread:31297 [handler.py:handle_request():144] handle_request: status_report
2023-12-01 10:20:18,933 DEBUG   HandlerThread:31297 [handler.py:handle_request():144] handle_request: keepalive
2023-12-01 10:20:22,605 DEBUG   SenderThread:31297 [sender.py:send():369] send: stats
2023-12-01 10:20:23,942 DEBUG   HandlerThread:31297 [handler.py:handle_request():144] handle_request: keepalive
2023-12-01 10:20:24,613 DEBUG   HandlerThread:31297 [handler.py:handle_request():144] handle_request: status_report
2023-12-01 10:20:28,958 DEBUG   HandlerThread:31297 [handler.py:handle_request():144] handle_request: keepalive
2023-12-01 10:20:29,625 DEBUG   HandlerThread:31297 [handler.py:handle_request():144] handle_request: status_report
2023-12-01 10:20:33,976 DEBUG   HandlerThread:31297 [handler.py:handle_request():144] handle_request: keepalive
2023-12-01 10:20:34,632 DEBUG   HandlerThread:31297 [handler.py:handle_request():144] handle_request: status_report
2023-12-01 10:20:38,989 DEBUG   HandlerThread:31297 [handler.py:handle_request():144] handle_request: keepalive
2023-12-01 10:20:39,651 DEBUG   HandlerThread:31297 [handler.py:handle_request():144] handle_request: status_report
2023-12-01 10:20:44,003 DEBUG   HandlerThread:31297 [handler.py:handle_request():144] handle_request: keepalive
2023-12-01 10:20:44,658 DEBUG   HandlerThread:31297 [handler.py:handle_request():144] handle_request: status_report
