WARNING:datasets.builder:Found cached dataset json (/Users/clementgillet/.cache/huggingface/datasets/json/default-de624a92592414c5/0.0.0/8bb11242116d547c741b2e8a1f18598ffdd40a1d4f2a2872c7a28b697434bc96)
100%|██████████| 3/3 [00:00<00:00, 38.84it/s]
WARNING:datasets.builder:Found cached dataset json (/Users/clementgillet/.cache/huggingface/datasets/json/default-9a249c13e446c85c/0.0.0/8bb11242116d547c741b2e8a1f18598ffdd40a1d4f2a2872c7a28b697434bc96)
100%|██████████| 3/3 [00:00<00:00, 59.04it/s]
INFO:model.modeling_utils:loading weights file /Users/clementgillet/Desktop/Master_Hub/ebart.large/model.bin
INFO:model.modeling_utils:All model checkpoint weights were used when initializing BartForConditionalGeneration.
WARNING:model.modeling_utils:Some weights of BartForConditionalGeneration were not initialized from the model checkpoint at /Users/clementgillet/Desktop/Master_Hub/ebart.large/model.bin and are newly initialized: ['model.decoder.layers.1.g_encoder_attn.q_proj.bias', 'model.decoder.layers.11.g_encoder_attn.out_proj.bias', 'model.decoder.layers.11.g_encoder_attn.k_proj.weight', 'model.decoder.layers.11.g_encoder_attn.k_proj.bias', 'model.decoder.layers.11.g_encoder_attn.v_proj.bias', 'model.decoder.layers.10.g_encoder_attn.k_proj.weight', 'model.decoder.layers.2.g_encoder_attn.out_proj.bias', 'model.decoder.layers.5.g_encoder_attn.k_proj.bias', 'model.decoder.layers.7.g_encoder_attn.k_proj.bias', 'model.decoder.layers.10.g_encoder_attn.q_proj.bias', 'model.decoder.layers.9.g_encoder_attn.k_proj.weight', 'model.decoder.layers.1.g_encoder_attn.q_proj.weight', 'model.decoder.layers.10.g_encoder_attn.q_proj.weight', 'model.decoder.layers.6.g_encoder_attn.k_proj.bias', 'model.decoder.layers.11.g_encoder_attn.v_proj.weight', 'model.decoder.layers.8.g_encoder_attn.v_proj.weight', 'model.decoder.layers.3.g_encoder_attn.out_proj.bias', 'model.decoder.layers.8.g_encoder_attn.q_proj.weight', 'model.decoder.layers.7.g_encoder_attn.v_proj.weight', 'model.decoder.layers.3.g_encoder_attn.k_proj.bias', 'model.decoder.layers.0.g_encoder_attn.k_proj.bias', 'model.decoder.layers.0.g_encoder_attn.v_proj.weight', 'model.decoder.layers.9.g_encoder_attn.out_proj.bias', 'model.decoder.layers.4.g_encoder_attn.out_proj.weight', 'model.decoder.layers.11.g_encoder_attn.q_proj.bias', 'model.decoder.layers.9.g_encoder_attn.v_proj.weight', 'model.decoder.layers.3.g_encoder_attn.v_proj.weight', 'model.decoder.layers.6.g_encoder_attn.v_proj.weight', 'model.decoder.layers.9.g_encoder_attn.q_proj.weight', 'model.decoder.layers.3.g_encoder_attn.k_proj.weight', 'model.decoder.layers.9.g_encoder_attn.q_proj.bias', 'model.decoder.layers.11.g_encoder_attn.out_proj.weight', 'model.decoder.layers.3.g_encoder_attn.q_proj.bias', 'model.decoder.layers.10.g_encoder_attn.v_proj.weight', 'model.decoder.layers.0.g_encoder_attn.k_proj.weight', 'model.decoder.layers.0.g_encoder_attn.q_proj.bias', 'model.decoder.layers.8.g_encoder_attn.out_proj.bias', 'model.decoder.layers.7.g_encoder_attn.out_proj.weight', 'model.decoder.layers.2.g_encoder_attn.k_proj.weight', 'model.decoder.layers.1.g_encoder_attn.v_proj.weight', 'model.decoder.layers.5.g_encoder_attn.q_proj.bias', 'model.decoder.layers.2.g_encoder_attn.q_proj.bias', 'model.decoder.layers.8.g_encoder_attn.q_proj.bias', 'model.decoder.layers.0.g_encoder_attn.q_proj.weight', 'model.decoder.layers.3.g_encoder_attn.out_proj.weight', 'model.decoder.layers.6.g_encoder_attn.k_proj.weight', 'model.decoder.layers.6.g_encoder_attn.out_proj.weight', 'model.decoder.layers.2.g_encoder_attn.v_proj.bias', 'model.decoder.layers.0.g_encoder_attn.v_proj.bias', 'model.decoder.layers.1.g_encoder_attn.out_proj.weight', 'model.decoder.layers.10.g_encoder_attn.v_proj.bias', 'model.decoder.layers.4.g_encoder_attn.v_proj.weight', 'model.decoder.layers.9.g_encoder_attn.v_proj.bias', 'model.decoder.layers.10.g_encoder_attn.k_proj.bias', 'model.decoder.layers.8.g_encoder_attn.k_proj.bias', 'model.decoder.layers.6.g_encoder_attn.q_proj.weight', 'model.decoder.layers.8.g_encoder_attn.v_proj.bias', 'model.decoder.layers.4.g_encoder_attn.q_proj.bias', 'model.decoder.layers.2.g_encoder_attn.k_proj.bias', 'model.decoder.layers.4.g_encoder_attn.q_proj.weight', 'model.decoder.layers.0.g_encoder_attn.out_proj.bias', 'model.decoder.layers.7.g_encoder_attn.k_proj.weight', 'model.decoder.layers.7.g_encoder_attn.q_proj.weight', 'model.decoder.layers.9.g_encoder_attn.out_proj.weight', 'model.decoder.layers.3.g_encoder_attn.v_proj.bias', 'model.decoder.layers.10.g_encoder_attn.out_proj.bias', 'model.decoder.layers.2.g_encoder_attn.out_proj.weight', 'model.decoder.layers.5.g_encoder_attn.out_proj.weight', 'model.decoder.layers.7.g_encoder_attn.out_proj.bias', 'model.decoder.layers.11.g_encoder_attn.q_proj.weight', 'model.decoder.layers.4.g_encoder_attn.out_proj.bias', 'model.decoder.layers.5.g_encoder_attn.v_proj.weight', 'model.decoder.layers.3.g_encoder_attn.q_proj.weight', 'model.decoder.layers.1.g_encoder_attn.k_proj.bias', 'model.decoder.layers.9.g_encoder_attn.k_proj.bias', 'model.decoder.layers.7.g_encoder_attn.q_proj.bias', 'model.decoder.layers.4.g_encoder_attn.v_proj.bias', 'model.decoder.layers.10.g_encoder_attn.out_proj.weight', 'model.decoder.layers.5.g_encoder_attn.k_proj.weight', 'model.decoder.layers.0.g_encoder_attn.out_proj.weight', 'model.decoder.layers.6.g_encoder_attn.v_proj.bias', 'model.decoder.layers.5.g_encoder_attn.out_proj.bias', 'model.decoder.layers.6.g_encoder_attn.out_proj.bias', 'model.decoder.layers.2.g_encoder_attn.q_proj.weight', 'model.decoder.layers.5.g_encoder_attn.v_proj.bias', 'model.decoder.layers.4.g_encoder_attn.k_proj.bias', 'model.decoder.layers.6.g_encoder_attn.q_proj.bias', 'model.decoder.layers.1.g_encoder_attn.out_proj.bias', 'model.decoder.layers.4.g_encoder_attn.k_proj.weight', 'model.decoder.layers.2.g_encoder_attn.v_proj.weight', 'model.decoder.layers.5.g_encoder_attn.q_proj.weight', 'model.decoder.layers.1.g_encoder_attn.v_proj.bias', 'model.decoder.layers.1.g_encoder_attn.k_proj.weight', 'model.decoder.layers.8.g_encoder_attn.k_proj.weight', 'model.decoder.layers.8.g_encoder_attn.out_proj.weight', 'model.decoder.layers.7.g_encoder_attn.v_proj.bias']
You should probably TRAIN this model on a down-stream task to be able to use it for predictions and inference.
INFO:model.modeling_utils:Generation config file not found, using a generation config created from the model config.
/Users/clementgillet/PycharmProjects/E-BART/e_bart/optimization.py:411: FutureWarning: This implementation of AdamW is deprecated and will be removed in a future version. Use the PyTorch implementation torch.optim.AdamW instead, or set `no_deprecation_warning=True` to disable this warning
  warnings.warn(
INFO:trainer:***** Running training *****
INFO:trainer:  Num examples = 2
INFO:trainer:  Num Epochs = 2
INFO:trainer:  Instantaneous batch size per device = 8
INFO:trainer:  Total train batch size (w. parallel, distributed & accumulation) = 8
INFO:trainer:  Gradient Accumulation steps = 1
INFO:trainer:  Total optimization steps = 2
INFO:trainer:  Number of trainable parameters = 608,879,616
  0%|          | 0/2 [00:00<?, ?it/s]You're using a BartTokenizerFast tokenizer. Please note that with a fast tokenizer, using the `__call__` method is faster than using a method to encode the text followed by a call to the `pad` method to get a padded encoding.
Traceback (most recent call last):
  File "/Users/clementgillet/PycharmProjects/THESIS/venv/lib/python3.9/site-packages/transformers/tokenization_utils_base.py", line 731, in convert_to_tensors
    tensor = as_tensor(value)
ValueError: expected sequence of length 76 at dim 1 (got 540)
The above exception was the direct cause of the following exception:
Traceback (most recent call last):
  File "/Users/clementgillet/PycharmProjects/THESIS/venv/lib/python3.9/site-packages/accelerate/data_loader.py", line 377, in __iter__
    current_batch = next(dataloader_iter)
  File "/Users/clementgillet/PycharmProjects/THESIS/venv/lib/python3.9/site-packages/torch/utils/data/dataloader.py", line 633, in __next__
    data = self._next_data()
  File "/Users/clementgillet/PycharmProjects/THESIS/venv/lib/python3.9/site-packages/torch/utils/data/dataloader.py", line 677, in _next_data
    data = self._dataset_fetcher.fetch(index)  # may raise StopIteration
  File "/Users/clementgillet/PycharmProjects/THESIS/venv/lib/python3.9/site-packages/torch/utils/data/_utils/fetch.py", line 54, in fetch
    return self.collate_fn(data)
  File "/Users/clementgillet/PycharmProjects/E-BART/e_bart/data/data_collator.py", line 585, in __call__
    features = self.tokenizer.pad(
  File "/Users/clementgillet/PycharmProjects/THESIS/venv/lib/python3.9/site-packages/transformers/tokenization_utils_base.py", line 3061, in pad
    return BatchEncoding(batch_outputs, tensor_type=return_tensors)
  File "/Users/clementgillet/PycharmProjects/THESIS/venv/lib/python3.9/site-packages/transformers/tokenization_utils_base.py", line 211, in __init__
    self.convert_to_tensors(tensor_type=tensor_type, prepend_batch_axis=prepend_batch_axis)
  File "/Users/clementgillet/PycharmProjects/THESIS/venv/lib/python3.9/site-packages/transformers/tokenization_utils_base.py", line 747, in convert_to_tensors
    raise ValueError(
ValueError: Unable to create tensor, you should probably activate truncation and/or padding with 'padding=True' 'truncation=True' to have batched tensors with the same length. Perhaps your features (`g` in this case) have excessive nesting (inputs type `list` where type `int` is expected).